<?xml version="1.0" encoding="UTF-8"?>
<!-- Generated by org.testng.reporters.JUnitReportReporter -->
<testsuite skipped="0" hostname="anands-MacBook-Air.local" name="DatakonnectTest.Datakonnect.HelloWorld" tests="1" failures="0" timestamp="25 Dec 2018 06:22:09 GMT" time="0.038" errors="0">
  <testcase name="Login" time="0.038" classname="DatakonnectTest.Datakonnect.HelloWorld"/>
</testsuite> <!-- DatakonnectTest.Datakonnect.HelloWorld -->
