<?xml version="1.0" encoding="UTF-8"?>
<!-- Generated by org.testng.reporters.JUnitReportReporter -->
<testsuite hostname="anands-MacBook-Air.local" name="DatakonnectTest.Datakonnect.HelloAnandTest" tests="1" failures="0" timestamp="25 Dec 2018 06:50:01 GMT" time="34.848" errors="0">
  <testcase name="Login" time="34.848" classname="DatakonnectTest.Datakonnect.HelloAnandTest"/>
</testsuite> <!-- DatakonnectTest.Datakonnect.HelloAnandTest -->
